Local submit - run_dir: results/00007-stylegan2-monet-1gpu-config-f
dnnlib: Running training.training_loop.training_loop() on localhost...
Streaming data using training.dataset.TFRecordDataset...
Dataset shape = [3, 256, 256]
Dynamic range = [0, 255]
Label size    = 0
Constructing networks...
Setting up TensorFlow plugin "fused_bias_act.cu": Preprocessing... Loading... Done.
Setting up TensorFlow plugin "upfirdn_2d.cu": Preprocessing... Loading... Done.

G                             Params    OutputShape         WeightShape     
---                           ---       ---                 ---             
latents_in                    -         (?, 512)            -               
labels_in                     -         (?, 0)              -               
lod                           -         ()                  -               
dlatent_avg                   -         (512,)              -               
G_mapping/latents_in          -         (?, 512)            -               
G_mapping/labels_in           -         (?, 0)              -               
G_mapping/Normalize           -         (?, 512)            -               
G_mapping/Dense0              262656    (?, 512)            (512, 512)      
G_mapping/Dense1              262656    (?, 512)            (512, 512)      
G_mapping/Dense2              262656    (?, 512)            (512, 512)      
G_mapping/Dense3              262656    (?, 512)            (512, 512)      
G_mapping/Dense4              262656    (?, 512)            (512, 512)      
G_mapping/Dense5              262656    (?, 512)            (512, 512)      
G_mapping/Dense6              262656    (?, 512)            (512, 512)      
G_mapping/Dense7              262656    (?, 512)            (512, 512)      
G_mapping/Broadcast           -         (?, 14, 512)        -               
G_mapping/dlatents_out        -         (?, 14, 512)        -               
Truncation/Lerp               -         (?, 14, 512)        -               
G_synthesis/dlatents_in       -         (?, 14, 512)        -               
G_synthesis/4x4/Const         8192      (?, 512, 4, 4)      (1, 512, 4, 4)  
G_synthesis/4x4/Conv          2622465   (?, 512, 4, 4)      (3, 3, 512, 512)
G_synthesis/4x4/ToRGB         264195    (?, 3, 4, 4)        (1, 1, 512, 3)  
G_synthesis/8x8/Conv0_up      2622465   (?, 512, 8, 8)      (3, 3, 512, 512)
G_synthesis/8x8/Conv1         2622465   (?, 512, 8, 8)      (3, 3, 512, 512)
G_synthesis/8x8/Upsample      -         (?, 3, 8, 8)        -               
G_synthesis/8x8/ToRGB         264195    (?, 3, 8, 8)        (1, 1, 512, 3)  
G_synthesis/16x16/Conv0_up    2622465   (?, 512, 16, 16)    (3, 3, 512, 512)
G_synthesis/16x16/Conv1       2622465   (?, 512, 16, 16)    (3, 3, 512, 512)
G_synthesis/16x16/Upsample    -         (?, 3, 16, 16)      -               
G_synthesis/16x16/ToRGB       264195    (?, 3, 16, 16)      (1, 1, 512, 3)  
G_synthesis/32x32/Conv0_up    2622465   (?, 512, 32, 32)    (3, 3, 512, 512)
G_synthesis/32x32/Conv1       2622465   (?, 512, 32, 32)    (3, 3, 512, 512)
G_synthesis/32x32/Upsample    -         (?, 3, 32, 32)      -               
G_synthesis/32x32/ToRGB       264195    (?, 3, 32, 32)      (1, 1, 512, 3)  
G_synthesis/64x64/Conv0_up    2622465   (?, 512, 64, 64)    (3, 3, 512, 512)
G_synthesis/64x64/Conv1       2622465   (?, 512, 64, 64)    (3, 3, 512, 512)
G_synthesis/64x64/Upsample    -         (?, 3, 64, 64)      -               
G_synthesis/64x64/ToRGB       264195    (?, 3, 64, 64)      (1, 1, 512, 3)  
G_synthesis/128x128/Conv0_up  1442561   (?, 256, 128, 128)  (3, 3, 512, 256)
G_synthesis/128x128/Conv1     721409    (?, 256, 128, 128)  (3, 3, 256, 256)
G_synthesis/128x128/Upsample  -         (?, 3, 128, 128)    -               
G_synthesis/128x128/ToRGB     132099    (?, 3, 128, 128)    (1, 1, 256, 3)  
G_synthesis/256x256/Conv0_up  426369    (?, 128, 256, 256)  (3, 3, 256, 128)
G_synthesis/256x256/Conv1     213249    (?, 128, 256, 256)  (3, 3, 128, 128)
G_synthesis/256x256/Upsample  -         (?, 3, 256, 256)    -               
G_synthesis/256x256/ToRGB     66051     (?, 3, 256, 256)    (1, 1, 128, 3)  
G_synthesis/images_out        -         (?, 3, 256, 256)    -               
G_synthesis/noise0            -         (1, 1, 4, 4)        -               
G_synthesis/noise1            -         (1, 1, 8, 8)        -               
G_synthesis/noise2            -         (1, 1, 8, 8)        -               
G_synthesis/noise3            -         (1, 1, 16, 16)      -               
G_synthesis/noise4            -         (1, 1, 16, 16)      -               
G_synthesis/noise5            -         (1, 1, 32, 32)      -               
G_synthesis/noise6            -         (1, 1, 32, 32)      -               
G_synthesis/noise7            -         (1, 1, 64, 64)      -               
G_synthesis/noise8            -         (1, 1, 64, 64)      -               
G_synthesis/noise9            -         (1, 1, 128, 128)    -               
G_synthesis/noise10           -         (1, 1, 128, 128)    -               
G_synthesis/noise11           -         (1, 1, 256, 256)    -               
G_synthesis/noise12           -         (1, 1, 256, 256)    -               
images_out                    -         (?, 3, 256, 256)    -               
---                           ---       ---                 ---             
Total                         30034338                                      


D                    Params    OutputShape         WeightShape     
---                  ---       ---                 ---             
images_in            -         (?, 3, 256, 256)    -               
labels_in            -         (?, 0)              -               
256x256/FromRGB      512       (?, 128, 256, 256)  (1, 1, 3, 128)  
256x256/Conv0        147584    (?, 128, 256, 256)  (3, 3, 128, 128)
256x256/Conv1_down   295168    (?, 256, 128, 128)  (3, 3, 128, 256)
256x256/Skip         32768     (?, 256, 128, 128)  (1, 1, 128, 256)
128x128/Conv0        590080    (?, 256, 128, 128)  (3, 3, 256, 256)
128x128/Conv1_down   1180160   (?, 512, 64, 64)    (3, 3, 256, 512)
128x128/Skip         131072    (?, 512, 64, 64)    (1, 1, 256, 512)
64x64/Conv0          2359808   (?, 512, 64, 64)    (3, 3, 512, 512)
64x64/Conv1_down     2359808   (?, 512, 32, 32)    (3, 3, 512, 512)
64x64/Skip           262144    (?, 512, 32, 32)    (1, 1, 512, 512)
32x32/Conv0          2359808   (?, 512, 32, 32)    (3, 3, 512, 512)
32x32/Conv1_down     2359808   (?, 512, 16, 16)    (3, 3, 512, 512)
32x32/Skip           262144    (?, 512, 16, 16)    (1, 1, 512, 512)
16x16/Conv0          2359808   (?, 512, 16, 16)    (3, 3, 512, 512)
16x16/Conv1_down     2359808   (?, 512, 8, 8)      (3, 3, 512, 512)
16x16/Skip           262144    (?, 512, 8, 8)      (1, 1, 512, 512)
8x8/Conv0            2359808   (?, 512, 8, 8)      (3, 3, 512, 512)
8x8/Conv1_down       2359808   (?, 512, 4, 4)      (3, 3, 512, 512)
8x8/Skip             262144    (?, 512, 4, 4)      (1, 1, 512, 512)
4x4/MinibatchStddev  -         (?, 513, 4, 4)      -               
4x4/Conv             2364416   (?, 512, 4, 4)      (3, 3, 513, 512)
4x4/Dense0           4194816   (?, 512)            (8192, 512)     
Output               513       (?, 1)              (512, 1)        
scores_out           -         (?, 1)              -               
---                  ---       ---                 ---             
Total                28864129                                      

Building TensorFlow graph...
Initializing logs...
Training for 10000 kimg...

tick 0     kimg 0.1      lod 0.00  minibatch 32   time 2m 29s       sec/tick 149.1   sec/kimg 1164.57 maintenance 0.0    gpumem 6.1
network-snapshot-000000        time 1h 14m 59s   fid50k 391.6013
tick 1     kimg 8.2      lod 0.00  minibatch 32   time 3h 08m 43s   sec/tick 6615.7  sec/kimg 820.40  maintenance 4558.4 gpumem 6.1
tick 2     kimg 16.3     lod 0.00  minibatch 32   time 4h 59m 11s   sec/tick 6628.1  sec/kimg 821.93  maintenance 0.0    gpumem 6.1
tick 3     kimg 24.3     lod 0.00  minibatch 32   time 6h 49m 45s   sec/tick 6633.4  sec/kimg 822.59  maintenance 0.0    gpumem 6.1
tick 4     kimg 32.4     lod 0.00  minibatch 32   time 8h 40m 18s   sec/tick 6633.7  sec/kimg 822.63  maintenance 0.0    gpumem 6.1
tick 5     kimg 40.4     lod 0.00  minibatch 32   time 10h 30m 45s  sec/tick 6626.8  sec/kimg 821.77  maintenance 0.0    gpumem 6.1
tick 6     kimg 48.5     lod 0.00  minibatch 32   time 12h 21m 26s  sec/tick 6640.7  sec/kimg 823.50  maintenance 0.0    gpumem 6.1
tick 7     kimg 56.6     lod 0.00  minibatch 32   time 14h 11m 56s  sec/tick 6630.2  sec/kimg 822.19  maintenance 0.0    gpumem 6.1
tick 8     kimg 64.6     lod 0.00  minibatch 32   time 16h 02m 29s  sec/tick 6632.7  sec/kimg 822.51  maintenance 0.0    gpumem 6.1
tick 9     kimg 72.7     lod 0.00  minibatch 32   time 17h 52m 52s  sec/tick 6623.5  sec/kimg 821.37  maintenance 0.0    gpumem 6.1
tick 10    kimg 80.8     lod 0.00  minibatch 32   time 19h 43m 26s  sec/tick 6633.6  sec/kimg 822.62  maintenance 0.0    gpumem 6.1
network-snapshot-000080        time 1h 14m 54s   fid50k 194.7281
